D:\sunight1999\word bullet\wordullet\wordullet\x64\Debug\cl.command.1.tlog
D:\sunight1999\word bullet\wordullet\wordullet\x64\Debug\CL.read.1.tlog
D:\sunight1999\word bullet\wordullet\wordullet\x64\Debug\CL.write.1.tlog
D:\sunight1999\word bullet\wordullet\wordullet\x64\Debug\link.21724.read.1.tlog
D:\sunight1999\word bullet\wordullet\wordullet\x64\Debug\link.21724.write.1.tlog
D:\sunight1999\word bullet\wordullet\wordullet\x64\Debug\link.21724-cvtres.read.1.tlog
D:\sunight1999\word bullet\wordullet\wordullet\x64\Debug\link.21724-cvtres.write.1.tlog
D:\sunight1999\word bullet\wordullet\wordullet\x64\Debug\link.22760.read.1.tlog
D:\sunight1999\word bullet\wordullet\wordullet\x64\Debug\link.22760.write.1.tlog
D:\sunight1999\word bullet\wordullet\wordullet\x64\Debug\link.22760-cvtres.read.1.tlog
D:\sunight1999\word bullet\wordullet\wordullet\x64\Debug\link.22760-cvtres.write.1.tlog
D:\sunight1999\word bullet\wordullet\wordullet\x64\Debug\link.23344.read.1.tlog
D:\sunight1999\word bullet\wordullet\wordullet\x64\Debug\link.23344.write.1.tlog
D:\sunight1999\word bullet\wordullet\wordullet\x64\Debug\link.23344-cvtres.read.1.tlog
D:\sunight1999\word bullet\wordullet\wordullet\x64\Debug\link.23344-cvtres.write.1.tlog
D:\sunight1999\word bullet\wordullet\wordullet\x64\Debug\link.24848.read.1.tlog
D:\sunight1999\word bullet\wordullet\wordullet\x64\Debug\link.24848.write.1.tlog
D:\sunight1999\word bullet\wordullet\wordullet\x64\Debug\link.24848-cvtres.read.1.tlog
D:\sunight1999\word bullet\wordullet\wordullet\x64\Debug\link.24848-cvtres.write.1.tlog
D:\sunight1999\word bullet\wordullet\wordullet\x64\Debug\link.7100.read.1.tlog
D:\sunight1999\word bullet\wordullet\wordullet\x64\Debug\link.7100.write.1.tlog
D:\sunight1999\word bullet\wordullet\wordullet\x64\Debug\link.7100-cvtres.read.1.tlog
D:\sunight1999\word bullet\wordullet\wordullet\x64\Debug\link.7100-cvtres.write.1.tlog
D:\sunight1999\word bullet\wordullet\wordullet\x64\Debug\link.command.1.tlog
D:\sunight1999\word bullet\wordullet\wordullet\x64\Debug\link.read.1.tlog
D:\sunight1999\word bullet\wordullet\wordullet\x64\Debug\link.write.1.tlog
D:\sunight1999\word bullet\wordullet\wordullet\x64\Debug\link-cvtres.read.1.tlog
D:\sunight1999\word bullet\wordullet\wordullet\x64\Debug\link-cvtres.write.1.tlog
D:\SUNIGHT1999\WORD BULLET\WORDULLET\WORDULLET\X64\DEBUG\MAIN.OBJ
D:\sunight1999\word bullet\wordullet\wordullet\x64\Debug\mt.command.1.tlog
D:\sunight1999\word bullet\wordullet\wordullet\x64\Debug\mt.read.1.tlog
D:\sunight1999\word bullet\wordullet\wordullet\x64\Debug\mt.write.1.tlog
D:\sunight1999\word bullet\wordullet\wordullet\x64\Debug\rc.command.1.tlog
D:\sunight1999\word bullet\wordullet\wordullet\x64\Debug\rc.read.1.tlog
D:\sunight1999\word bullet\wordullet\wordullet\x64\Debug\rc.write.1.tlog
D:\sunight1999\word bullet\wordullet\wordullet\x64\Debug\vc100.idb
D:\SUNIGHT1999\WORD BULLET\WORDULLET\WORDULLET\X64\DEBUG\VC100.PDB
D:\SUNIGHT1999\WORD BULLET\WORDULLET\WORDULLET\X64\DEBUG\WORDULLET.EXE.EMBED.MANIFEST
D:\SUNIGHT1999\WORD BULLET\WORDULLET\WORDULLET\X64\DEBUG\WORDULLET.EXE.EMBED.MANIFEST.RES
D:\SUNIGHT1999\WORD BULLET\WORDULLET\WORDULLET\X64\DEBUG\WORDULLET.EXE.INTERMEDIATE.MANIFEST
D:\sunight1999\word bullet\wordullet\wordullet\x64\Debug\wordullet.vcxprojResolveAssemblyReference.cache
D:\sunight1999\word bullet\wordullet\wordullet\x64\Debug\wordullet.write.1.tlog
D:\sunight1999\word bullet\wordullet\wordullet\x64\Debug\wordullet_manifest.rc
D:\SUNIGHT1999\WORD BULLET\WORDULLET\X64\DEBUG\WORDULLET.EXE
D:\SUNIGHT1999\WORD BULLET\WORDULLET\X64\DEBUG\WORDULLET.ILK
D:\SUNIGHT1999\WORD BULLET\WORDULLET\X64\DEBUG\WORDULLET.PDB
